  main.cpp
  ofApp.cpp
c:\users\asian\desktop\of_v0.10.0_vs2017_release\of_v0.10.0_vs2017_release\apps\myapps\raytracing1\src\ofapp.cpp(52): warning C4018: '<': signed/unsigned mismatch
c:\users\asian\desktop\of_v0.10.0_vs2017_release\of_v0.10.0_vs2017_release\apps\myapps\raytracing1\src\ofapp.cpp(57): warning C4018: '<': signed/unsigned mismatch
c:\users\asian\desktop\of_v0.10.0_vs2017_release\of_v0.10.0_vs2017_release\apps\myapps\raytracing1\src\ofapp.cpp(74): warning C4018: '<': signed/unsigned mismatch
c:\users\asian\desktop\of_v0.10.0_vs2017_release\of_v0.10.0_vs2017_release\apps\myapps\raytracing1\src\ofapp.cpp(82): warning C4018: '<': signed/unsigned mismatch
c:\users\asian\desktop\of_v0.10.0_vs2017_release\of_v0.10.0_vs2017_release\apps\myapps\raytracing1\src\ofapp.cpp(205): warning C4018: '<': signed/unsigned mismatch
c:\users\asian\desktop\of_v0.10.0_vs2017_release\of_v0.10.0_vs2017_release\apps\myapps\raytracing1\src\ofapp.cpp(251): warning C4018: '<': signed/unsigned mismatch
c:\users\asian\desktop\of_v0.10.0_vs2017_release\of_v0.10.0_vs2017_release\apps\myapps\raytracing1\src\ofapp.cpp(272): warning C4018: '<': signed/unsigned mismatch
c:\users\asian\desktop\of_v0.10.0_vs2017_release\of_v0.10.0_vs2017_release\apps\myapps\raytracing1\src\ofapp.cpp(282): warning C4018: '<': signed/unsigned mismatch
c:\users\asian\desktop\of_v0.10.0_vs2017_release\of_v0.10.0_vs2017_release\apps\myapps\raytracing1\src\ofapp.cpp(311): warning C4018: '<': signed/unsigned mismatch
c:\users\asian\desktop\of_v0.10.0_vs2017_release\of_v0.10.0_vs2017_release\apps\myapps\raytracing1\src\ofapp.cpp(439): warning C4018: '<': signed/unsigned mismatch
c:\users\asian\desktop\of_v0.10.0_vs2017_release\of_v0.10.0_vs2017_release\apps\myapps\raytracing1\src\ofapp.cpp(451): warning C4018: '<': signed/unsigned mismatch
c:\users\asian\desktop\of_v0.10.0_vs2017_release\of_v0.10.0_vs2017_release\apps\myapps\raytracing1\src\ofapp.cpp(467): warning C4018: '<': signed/unsigned mismatch
     Creating library bin\RayTracing1.lib and object bin\RayTracing1.exp
  Generating code
  0 of 621 functions ( 0.0%) were compiled, the rest were copied from previous compilation.
    0 functions were new in current compilation
    0 functions had inline decision re-evaluated but remain unchanged
  Finished generating code
  RayTracing1.vcxproj -> C:\Users\asian\Desktop\of_v0.10.0_vs2017_release\of_v0.10.0_vs2017_release\apps\myApps\RayTracing1\bin\RayTracing1.exe
  
  	                   2	C:\Users\asian\Desktop\of_v0.10.0_vs2017_release\of_v0.10.0_vs2017_release\libs\fmodex\lib\vs\Win32\
  	  *EXTRA File 		 5647872	C:\Users\asian\Desktop\of_v0.10.0_vs2017_release\of_v0.10.0_vs2017_release\apps\myApps\RayTracing1\bin\FreeImage.dll
  
  	                   1	C:\Users\asian\Desktop\of_v0.10.0_vs2017_release\of_v0.10.0_vs2017_release\libs\FreeImage\lib\vs\Win32\
  	  *EXTRA File 		 1266176	C:\Users\asian\Desktop\of_v0.10.0_vs2017_release\of_v0.10.0_vs2017_release\apps\myApps\RayTracing1\bin\fmodex.dll
  	  *EXTRA File 		 1312768	C:\Users\asian\Desktop\of_v0.10.0_vs2017_release\of_v0.10.0_vs2017_release\apps\myApps\RayTracing1\bin\fmodexL.dll
